[2022-07-27T01:29:58,899][INFO ][o.e.x.m.MlDailyMaintenanceService] [wHW0VaA] triggering scheduled [ML] maintenance tasks
[2022-07-27T01:29:58,930][INFO ][o.e.x.m.a.TransportDeleteExpiredDataAction] [wHW0VaA] Deleting expired data
[2022-07-27T01:29:58,961][INFO ][o.e.x.m.a.TransportDeleteExpiredDataAction] [wHW0VaA] Completed deletion of expired ML data
[2022-07-27T01:29:58,961][INFO ][o.e.x.m.MlDailyMaintenanceService] [wHW0VaA] Successfully completed [ML] maintenance tasks
[2022-07-27T20:14:00,579][INFO ][o.e.x.m.p.NativeController] [wHW0VaA] Native controller process has stopped - no new native processes can be started
[2022-07-27T20:16:04,464][INFO ][o.e.e.NodeEnvironment    ] [wHW0VaA] using [1] data paths, mounts [[3.Unity (E:)]], net usable_space [140.5gb], net total_space [193.2gb], types [NTFS]
[2022-07-27T20:16:04,464][INFO ][o.e.e.NodeEnvironment    ] [wHW0VaA] heap size [989.8mb], compressed ordinary object pointers [true]
[2022-07-27T20:16:04,542][INFO ][o.e.n.Node               ] [wHW0VaA] node name derived from node ID [wHW0VaArQ12dp288814NMA]; set [node.name] to override
[2022-07-27T20:16:04,542][INFO ][o.e.n.Node               ] [wHW0VaA] version[6.8.23], pid[1180], build[default/zip/4f67856/2022-01-06T21:30:50.087716Z], OS[Windows 10/10.0/amd64], JVM[Oracle Corporation/OpenJDK 64-Bit Server VM/1.8.0-adoptopenjdk/25.71-b00]
[2022-07-27T20:16:04,542][INFO ][o.e.n.Node               ] [wHW0VaA] JVM arguments [-Xms1g, -Xmx1g, -XX:+UseConcMarkSweepGC, -XX:CMSInitiatingOccupancyFraction=75, -XX:+UseCMSInitiatingOccupancyOnly, -Des.networkaddress.cache.ttl=60, -Des.networkaddress.cache.negative.ttl=10, -XX:+AlwaysPreTouch, -Xss1m, -Djava.awt.headless=true, -Dfile.encoding=UTF-8, -Djna.nosys=true, -XX:-OmitStackTraceInFastThrow, -Dio.netty.noUnsafe=true, -Dio.netty.noKeySetOptimization=true, -Dio.netty.recycler.maxCapacityPerThread=0, -Dlog4j.shutdownHookEnabled=false, -Dlog4j2.disable.jmx=true, -Dlog4j2.formatMsgNoLookups=true, -Djava.io.tmpdir=C:\Users\admin\AppData\Local\Temp\elasticsearch, -XX:+HeapDumpOnOutOfMemoryError, -XX:HeapDumpPath=data, -XX:ErrorFile=logs/hs_err_pid%p.log, -XX:+PrintGCDetails, -XX:+PrintGCDateStamps, -XX:+PrintTenuringDistribution, -XX:+PrintGCApplicationStoppedTime, -Xloggc:logs/gc.log, -XX:+UseGCLogFileRotation, -XX:NumberOfGCLogFiles=32, -XX:GCLogFileSize=64m, -Delasticsearch, -Des.path.home=E:\Figu\etc\elasticsearch-6.8.23, -Des.path.conf=E:\Figu\etc\elasticsearch-6.8.23\config, -Des.distribution.flavor=default, -Des.distribution.type=zip]
[2022-07-27T20:16:06,547][INFO ][o.e.p.PluginsService     ] [wHW0VaA] loaded module [aggs-matrix-stats]
[2022-07-27T20:16:06,547][INFO ][o.e.p.PluginsService     ] [wHW0VaA] loaded module [analysis-common]
[2022-07-27T20:16:06,547][INFO ][o.e.p.PluginsService     ] [wHW0VaA] loaded module [ingest-common]
[2022-07-27T20:16:06,547][INFO ][o.e.p.PluginsService     ] [wHW0VaA] loaded module [ingest-geoip]
[2022-07-27T20:16:06,547][INFO ][o.e.p.PluginsService     ] [wHW0VaA] loaded module [ingest-user-agent]
[2022-07-27T20:16:06,547][INFO ][o.e.p.PluginsService     ] [wHW0VaA] loaded module [lang-expression]
[2022-07-27T20:16:06,547][INFO ][o.e.p.PluginsService     ] [wHW0VaA] loaded module [lang-mustache]
[2022-07-27T20:16:06,547][INFO ][o.e.p.PluginsService     ] [wHW0VaA] loaded module [lang-painless]
[2022-07-27T20:16:06,547][INFO ][o.e.p.PluginsService     ] [wHW0VaA] loaded module [mapper-extras]
[2022-07-27T20:16:06,547][INFO ][o.e.p.PluginsService     ] [wHW0VaA] loaded module [parent-join]
[2022-07-27T20:16:06,547][INFO ][o.e.p.PluginsService     ] [wHW0VaA] loaded module [percolator]
[2022-07-27T20:16:06,547][INFO ][o.e.p.PluginsService     ] [wHW0VaA] loaded module [rank-eval]
[2022-07-27T20:16:06,547][INFO ][o.e.p.PluginsService     ] [wHW0VaA] loaded module [reindex]
[2022-07-27T20:16:06,547][INFO ][o.e.p.PluginsService     ] [wHW0VaA] loaded module [repository-url]
[2022-07-27T20:16:06,547][INFO ][o.e.p.PluginsService     ] [wHW0VaA] loaded module [transport-netty4]
[2022-07-27T20:16:06,547][INFO ][o.e.p.PluginsService     ] [wHW0VaA] loaded module [tribe]
[2022-07-27T20:16:06,547][INFO ][o.e.p.PluginsService     ] [wHW0VaA] loaded module [x-pack-ccr]
[2022-07-27T20:16:06,547][INFO ][o.e.p.PluginsService     ] [wHW0VaA] loaded module [x-pack-core]
[2022-07-27T20:16:06,547][INFO ][o.e.p.PluginsService     ] [wHW0VaA] loaded module [x-pack-deprecation]
[2022-07-27T20:16:06,547][INFO ][o.e.p.PluginsService     ] [wHW0VaA] loaded module [x-pack-graph]
[2022-07-27T20:16:06,547][INFO ][o.e.p.PluginsService     ] [wHW0VaA] loaded module [x-pack-ilm]
[2022-07-27T20:16:06,547][INFO ][o.e.p.PluginsService     ] [wHW0VaA] loaded module [x-pack-logstash]
[2022-07-27T20:16:06,547][INFO ][o.e.p.PluginsService     ] [wHW0VaA] loaded module [x-pack-ml]
[2022-07-27T20:16:06,547][INFO ][o.e.p.PluginsService     ] [wHW0VaA] loaded module [x-pack-monitoring]
[2022-07-27T20:16:06,547][INFO ][o.e.p.PluginsService     ] [wHW0VaA] loaded module [x-pack-rollup]
[2022-07-27T20:16:06,547][INFO ][o.e.p.PluginsService     ] [wHW0VaA] loaded module [x-pack-security]
[2022-07-27T20:16:06,547][INFO ][o.e.p.PluginsService     ] [wHW0VaA] loaded module [x-pack-sql]
[2022-07-27T20:16:06,547][INFO ][o.e.p.PluginsService     ] [wHW0VaA] loaded module [x-pack-upgrade]
[2022-07-27T20:16:06,547][INFO ][o.e.p.PluginsService     ] [wHW0VaA] loaded module [x-pack-watcher]
[2022-07-27T20:16:06,547][INFO ][o.e.p.PluginsService     ] [wHW0VaA] no plugins loaded
[2022-07-27T20:16:10,084][INFO ][o.e.x.s.a.s.FileRolesStore] [wHW0VaA] parsed [0] roles from file [E:\Figu\etc\elasticsearch-6.8.23\config\roles.yml]
[2022-07-27T20:16:10,865][INFO ][o.e.x.m.p.l.CppLogMessageHandler] [wHW0VaA] [controller/16156] [Main.cc@114] controller (64 bit): Version 6.8.23 (Build 31256deab94add) Copyright (c) 2022 Elasticsearch BV
[2022-07-27T20:16:11,319][DEBUG][o.e.a.ActionModule       ] [wHW0VaA] Using REST wrapper from plugin org.elasticsearch.xpack.security.Security
[2022-07-27T20:16:11,537][INFO ][o.e.d.DiscoveryModule    ] [wHW0VaA] using discovery type [zen] and host providers [settings]
[2022-07-27T20:16:12,194][INFO ][o.e.n.Node               ] [wHW0VaA] initialized
[2022-07-27T20:16:12,209][INFO ][o.e.n.Node               ] [wHW0VaA] starting ...
[2022-07-27T20:16:12,715][INFO ][o.e.t.TransportService   ] [wHW0VaA] publish_address {192.168.1.4:9300}, bound_addresses {[::]:9300}
[2022-07-27T20:16:12,731][INFO ][o.e.b.BootstrapChecks    ] [wHW0VaA] bound or publishing to a non-loopback address, enforcing bootstrap checks
[2022-07-27T20:16:15,848][INFO ][o.e.c.s.MasterService    ] [wHW0VaA] zen-disco-elected-as-master ([0] nodes joined), reason: new_master {wHW0VaA}{wHW0VaArQ12dp288814NMA}{mpp6ar8pSDSj2L-kao94ZQ}{192.168.1.4}{192.168.1.4:9300}{ml.machine_memory=17030017024, xpack.installed=true, ml.max_open_jobs=20, ml.enabled=true}
[2022-07-27T20:16:15,864][INFO ][o.e.c.s.ClusterApplierService] [wHW0VaA] new_master {wHW0VaA}{wHW0VaArQ12dp288814NMA}{mpp6ar8pSDSj2L-kao94ZQ}{192.168.1.4}{192.168.1.4:9300}{ml.machine_memory=17030017024, xpack.installed=true, ml.max_open_jobs=20, ml.enabled=true}, reason: apply cluster state (from master [master {wHW0VaA}{wHW0VaArQ12dp288814NMA}{mpp6ar8pSDSj2L-kao94ZQ}{192.168.1.4}{192.168.1.4:9300}{ml.machine_memory=17030017024, xpack.installed=true, ml.max_open_jobs=20, ml.enabled=true} committed version [1] source [zen-disco-elected-as-master ([0] nodes joined)]])
[2022-07-27T20:16:16,048][INFO ][o.e.h.n.Netty4HttpServerTransport] [wHW0VaA] publish_address {192.168.1.4:9200}, bound_addresses {[::]:9200}
[2022-07-27T20:16:16,048][INFO ][o.e.n.Node               ] [wHW0VaA] started
[2022-07-27T20:16:16,267][WARN ][o.e.x.s.a.s.m.NativeRoleMappingStore] [wHW0VaA] Failed to clear cache for realms [[]]
[2022-07-27T20:16:16,298][INFO ][o.e.l.LicenseService     ] [wHW0VaA] license [6ae11265-671b-4503-85b3-a8d4fbefd64d] mode [basic] - valid
[2022-07-27T20:16:16,298][INFO ][o.e.g.GatewayService     ] [wHW0VaA] recovered [4] indices into cluster_state
[2022-07-27T20:16:17,064][INFO ][o.e.c.r.a.AllocationService] [wHW0VaA] Cluster health status changed from [RED] to [GREEN] (reason: [shards started [[mw_cirrus_metastore_first][0]] ...]).
[2022-07-27T20:19:05,481][INFO ][o.e.b.Bootstrap          ] [wHW0VaA] running graceful exit on windows
[2022-07-27T20:19:05,481][INFO ][o.e.n.Node               ] [wHW0VaA] stopping ...
[2022-07-27T20:19:05,514][INFO ][o.e.x.w.WatcherService   ] [wHW0VaA] stopping watch service, reason [shutdown initiated]
[2022-07-27T20:19:05,997][INFO ][o.e.x.m.p.l.CppLogMessageHandler] [wHW0VaA] [controller/16156] [Main.cc@154] ML controller exiting
[2022-07-27T20:19:05,997][INFO ][o.e.x.m.p.NativeController] [wHW0VaA] Native controller process has stopped - no new native processes can be started
[2022-07-27T20:19:06,059][INFO ][o.e.n.Node               ] [wHW0VaA] stopped
[2022-07-27T20:19:06,059][INFO ][o.e.n.Node               ] [wHW0VaA] closing ...
[2022-07-27T20:19:06,075][INFO ][o.e.n.Node               ] [wHW0VaA] closed
[2022-07-27T20:19:14,918][INFO ][o.e.e.NodeEnvironment    ] [wHW0VaA] using [1] data paths, mounts [[3.Unity (E:)]], net usable_space [140.5gb], net total_space [193.2gb], types [NTFS]
[2022-07-27T20:19:14,921][INFO ][o.e.e.NodeEnvironment    ] [wHW0VaA] heap size [989.8mb], compressed ordinary object pointers [true]
[2022-07-27T20:19:15,025][INFO ][o.e.n.Node               ] [wHW0VaA] node name derived from node ID [wHW0VaArQ12dp288814NMA]; set [node.name] to override
[2022-07-27T20:19:15,026][INFO ][o.e.n.Node               ] [wHW0VaA] version[6.8.23], pid[1612], build[default/zip/4f67856/2022-01-06T21:30:50.087716Z], OS[Windows 10/10.0/amd64], JVM[Oracle Corporation/OpenJDK 64-Bit Server VM/1.8.0-adoptopenjdk/25.71-b00]
[2022-07-27T20:19:15,026][INFO ][o.e.n.Node               ] [wHW0VaA] JVM arguments [-Xms1g, -Xmx1g, -XX:+UseConcMarkSweepGC, -XX:CMSInitiatingOccupancyFraction=75, -XX:+UseCMSInitiatingOccupancyOnly, -Des.networkaddress.cache.ttl=60, -Des.networkaddress.cache.negative.ttl=10, -XX:+AlwaysPreTouch, -Xss1m, -Djava.awt.headless=true, -Dfile.encoding=UTF-8, -Djna.nosys=true, -XX:-OmitStackTraceInFastThrow, -Dio.netty.noUnsafe=true, -Dio.netty.noKeySetOptimization=true, -Dio.netty.recycler.maxCapacityPerThread=0, -Dlog4j.shutdownHookEnabled=false, -Dlog4j2.disable.jmx=true, -Dlog4j2.formatMsgNoLookups=true, -Djava.io.tmpdir=C:\Users\admin\AppData\Local\Temp\elasticsearch, -XX:+HeapDumpOnOutOfMemoryError, -XX:HeapDumpPath=data, -XX:ErrorFile=logs/hs_err_pid%p.log, -XX:+PrintGCDetails, -XX:+PrintGCDateStamps, -XX:+PrintTenuringDistribution, -XX:+PrintGCApplicationStoppedTime, -Xloggc:logs/gc.log, -XX:+UseGCLogFileRotation, -XX:NumberOfGCLogFiles=32, -XX:GCLogFileSize=64m, -Delasticsearch, -Des.path.home=E:\Figu\etc\elasticsearch-6.8.23, -Des.path.conf=E:\Figu\etc\elasticsearch-6.8.23\config, -Des.distribution.flavor=default, -Des.distribution.type=zip]
[2022-07-27T20:19:17,118][INFO ][o.e.p.PluginsService     ] [wHW0VaA] loaded module [aggs-matrix-stats]
[2022-07-27T20:19:17,118][INFO ][o.e.p.PluginsService     ] [wHW0VaA] loaded module [analysis-common]
[2022-07-27T20:19:17,119][INFO ][o.e.p.PluginsService     ] [wHW0VaA] loaded module [ingest-common]
[2022-07-27T20:19:17,119][INFO ][o.e.p.PluginsService     ] [wHW0VaA] loaded module [ingest-geoip]
[2022-07-27T20:19:17,119][INFO ][o.e.p.PluginsService     ] [wHW0VaA] loaded module [ingest-user-agent]
[2022-07-27T20:19:17,120][INFO ][o.e.p.PluginsService     ] [wHW0VaA] loaded module [lang-expression]
[2022-07-27T20:19:17,121][INFO ][o.e.p.PluginsService     ] [wHW0VaA] loaded module [lang-mustache]
[2022-07-27T20:19:17,121][INFO ][o.e.p.PluginsService     ] [wHW0VaA] loaded module [lang-painless]
[2022-07-27T20:19:17,122][INFO ][o.e.p.PluginsService     ] [wHW0VaA] loaded module [mapper-extras]
[2022-07-27T20:19:17,122][INFO ][o.e.p.PluginsService     ] [wHW0VaA] loaded module [parent-join]
[2022-07-27T20:19:17,123][INFO ][o.e.p.PluginsService     ] [wHW0VaA] loaded module [percolator]
[2022-07-27T20:19:17,123][INFO ][o.e.p.PluginsService     ] [wHW0VaA] loaded module [rank-eval]
[2022-07-27T20:19:17,124][INFO ][o.e.p.PluginsService     ] [wHW0VaA] loaded module [reindex]
[2022-07-27T20:19:17,124][INFO ][o.e.p.PluginsService     ] [wHW0VaA] loaded module [repository-url]
[2022-07-27T20:19:17,125][INFO ][o.e.p.PluginsService     ] [wHW0VaA] loaded module [transport-netty4]
[2022-07-27T20:19:17,125][INFO ][o.e.p.PluginsService     ] [wHW0VaA] loaded module [tribe]
[2022-07-27T20:19:17,126][INFO ][o.e.p.PluginsService     ] [wHW0VaA] loaded module [x-pack-ccr]
[2022-07-27T20:19:17,126][INFO ][o.e.p.PluginsService     ] [wHW0VaA] loaded module [x-pack-core]
[2022-07-27T20:19:17,127][INFO ][o.e.p.PluginsService     ] [wHW0VaA] loaded module [x-pack-deprecation]
[2022-07-27T20:19:17,127][INFO ][o.e.p.PluginsService     ] [wHW0VaA] loaded module [x-pack-graph]
[2022-07-27T20:19:17,127][INFO ][o.e.p.PluginsService     ] [wHW0VaA] loaded module [x-pack-ilm]
[2022-07-27T20:19:17,128][INFO ][o.e.p.PluginsService     ] [wHW0VaA] loaded module [x-pack-logstash]
[2022-07-27T20:19:17,128][INFO ][o.e.p.PluginsService     ] [wHW0VaA] loaded module [x-pack-ml]
[2022-07-27T20:19:17,129][INFO ][o.e.p.PluginsService     ] [wHW0VaA] loaded module [x-pack-monitoring]
[2022-07-27T20:19:17,130][INFO ][o.e.p.PluginsService     ] [wHW0VaA] loaded module [x-pack-rollup]
[2022-07-27T20:19:17,130][INFO ][o.e.p.PluginsService     ] [wHW0VaA] loaded module [x-pack-security]
[2022-07-27T20:19:17,131][INFO ][o.e.p.PluginsService     ] [wHW0VaA] loaded module [x-pack-sql]
[2022-07-27T20:19:17,131][INFO ][o.e.p.PluginsService     ] [wHW0VaA] loaded module [x-pack-upgrade]
[2022-07-27T20:19:17,132][INFO ][o.e.p.PluginsService     ] [wHW0VaA] loaded module [x-pack-watcher]
[2022-07-27T20:19:17,132][INFO ][o.e.p.PluginsService     ] [wHW0VaA] no plugins loaded
[2022-07-27T20:19:20,735][INFO ][o.e.x.s.a.s.FileRolesStore] [wHW0VaA] parsed [0] roles from file [E:\Figu\etc\elasticsearch-6.8.23\config\roles.yml]
[2022-07-27T20:19:21,424][INFO ][o.e.x.m.p.l.CppLogMessageHandler] [wHW0VaA] [controller/12608] [Main.cc@114] controller (64 bit): Version 6.8.23 (Build 31256deab94add) Copyright (c) 2022 Elasticsearch BV
[2022-07-27T20:19:21,827][DEBUG][o.e.a.ActionModule       ] [wHW0VaA] Using REST wrapper from plugin org.elasticsearch.xpack.security.Security
[2022-07-27T20:19:22,143][INFO ][o.e.d.DiscoveryModule    ] [wHW0VaA] using discovery type [zen] and host providers [settings]
[2022-07-27T20:19:22,901][INFO ][o.e.n.Node               ] [wHW0VaA] initialized
[2022-07-27T20:19:22,901][INFO ][o.e.n.Node               ] [wHW0VaA] starting ...
[2022-07-27T20:19:23,567][INFO ][o.e.t.TransportService   ] [wHW0VaA] publish_address {172.26.32.1:9300}, bound_addresses {[::]:9300}
[2022-07-27T20:19:23,591][INFO ][o.e.b.BootstrapChecks    ] [wHW0VaA] bound or publishing to a non-loopback address, enforcing bootstrap checks
[2022-07-27T20:19:26,698][INFO ][o.e.c.s.MasterService    ] [wHW0VaA] zen-disco-elected-as-master ([0] nodes joined), reason: new_master {wHW0VaA}{wHW0VaArQ12dp288814NMA}{Fn1bfQY3TmSEtxwLcAty4A}{172.26.32.1}{172.26.32.1:9300}{ml.machine_memory=17030017024, xpack.installed=true, ml.max_open_jobs=20, ml.enabled=true}
[2022-07-27T20:19:26,702][INFO ][o.e.c.s.ClusterApplierService] [wHW0VaA] new_master {wHW0VaA}{wHW0VaArQ12dp288814NMA}{Fn1bfQY3TmSEtxwLcAty4A}{172.26.32.1}{172.26.32.1:9300}{ml.machine_memory=17030017024, xpack.installed=true, ml.max_open_jobs=20, ml.enabled=true}, reason: apply cluster state (from master [master {wHW0VaA}{wHW0VaArQ12dp288814NMA}{Fn1bfQY3TmSEtxwLcAty4A}{172.26.32.1}{172.26.32.1:9300}{ml.machine_memory=17030017024, xpack.installed=true, ml.max_open_jobs=20, ml.enabled=true} committed version [1] source [zen-disco-elected-as-master ([0] nodes joined)]])
[2022-07-27T20:19:27,029][INFO ][o.e.h.n.Netty4HttpServerTransport] [wHW0VaA] publish_address {172.26.32.1:9200}, bound_addresses {[::]:9200}
[2022-07-27T20:19:27,029][INFO ][o.e.n.Node               ] [wHW0VaA] started
[2022-07-27T20:19:27,125][WARN ][o.e.x.s.a.s.m.NativeRoleMappingStore] [wHW0VaA] Failed to clear cache for realms [[]]
[2022-07-27T20:19:27,157][INFO ][o.e.l.LicenseService     ] [wHW0VaA] license [6ae11265-671b-4503-85b3-a8d4fbefd64d] mode [basic] - valid
[2022-07-27T20:19:27,163][INFO ][o.e.g.GatewayService     ] [wHW0VaA] recovered [4] indices into cluster_state
[2022-07-27T20:19:27,749][INFO ][o.e.c.r.a.AllocationService] [wHW0VaA] Cluster health status changed from [RED] to [GREEN] (reason: [shards started [[mw_cirrus_metastore_first][0]] ...]).
