[2022-07-25T01:14:32,463][INFO ][o.e.e.NodeEnvironment    ] [wHW0VaA] using [1] data paths, mounts [[3.Unity (E:)]], net usable_space [166.8gb], net total_space [193.2gb], types [NTFS]
[2022-07-25T01:14:32,466][INFO ][o.e.e.NodeEnvironment    ] [wHW0VaA] heap size [989.8mb], compressed ordinary object pointers [true]
[2022-07-25T01:14:32,470][INFO ][o.e.n.Node               ] [wHW0VaA] node name derived from node ID [wHW0VaArQ12dp288814NMA]; set [node.name] to override
[2022-07-25T01:14:32,470][INFO ][o.e.n.Node               ] [wHW0VaA] version[6.8.23], pid[25956], build[default/zip/4f67856/2022-01-06T21:30:50.087716Z], OS[Windows 10/10.0/amd64], JVM[Oracle Corporation/OpenJDK 64-Bit Server VM/1.8.0-adoptopenjdk/25.71-b00]
[2022-07-25T01:14:32,471][INFO ][o.e.n.Node               ] [wHW0VaA] JVM arguments [-Xms1g, -Xmx1g, -XX:+UseConcMarkSweepGC, -XX:CMSInitiatingOccupancyFraction=75, -XX:+UseCMSInitiatingOccupancyOnly, -Des.networkaddress.cache.ttl=60, -Des.networkaddress.cache.negative.ttl=10, -XX:+AlwaysPreTouch, -Xss1m, -Djava.awt.headless=true, -Dfile.encoding=UTF-8, -Djna.nosys=true, -XX:-OmitStackTraceInFastThrow, -Dio.netty.noUnsafe=true, -Dio.netty.noKeySetOptimization=true, -Dio.netty.recycler.maxCapacityPerThread=0, -Dlog4j.shutdownHookEnabled=false, -Dlog4j2.disable.jmx=true, -Dlog4j2.formatMsgNoLookups=true, -Djava.io.tmpdir=C:\Users\admin\AppData\Local\Temp\elasticsearch, -XX:+HeapDumpOnOutOfMemoryError, -XX:HeapDumpPath=data, -XX:ErrorFile=logs/hs_err_pid%p.log, -XX:+PrintGCDetails, -XX:+PrintGCDateStamps, -XX:+PrintTenuringDistribution, -XX:+PrintGCApplicationStoppedTime, -Xloggc:logs/gc.log, -XX:+UseGCLogFileRotation, -XX:NumberOfGCLogFiles=32, -XX:GCLogFileSize=64m, -Delasticsearch, -Des.path.home=E:\LocalServer\.apache24\elasticsearch-6.8.23, -Des.path.conf=E:\LocalServer\.apache24\elasticsearch-6.8.23\config, -Des.distribution.flavor=default, -Des.distribution.type=zip]
[2022-07-25T01:14:34,655][INFO ][o.e.p.PluginsService     ] [wHW0VaA] loaded module [aggs-matrix-stats]
[2022-07-25T01:14:34,656][INFO ][o.e.p.PluginsService     ] [wHW0VaA] loaded module [analysis-common]
[2022-07-25T01:14:34,656][INFO ][o.e.p.PluginsService     ] [wHW0VaA] loaded module [ingest-common]
[2022-07-25T01:14:34,656][INFO ][o.e.p.PluginsService     ] [wHW0VaA] loaded module [ingest-geoip]
[2022-07-25T01:14:34,656][INFO ][o.e.p.PluginsService     ] [wHW0VaA] loaded module [ingest-user-agent]
[2022-07-25T01:14:34,656][INFO ][o.e.p.PluginsService     ] [wHW0VaA] loaded module [lang-expression]
[2022-07-25T01:14:34,657][INFO ][o.e.p.PluginsService     ] [wHW0VaA] loaded module [lang-mustache]
[2022-07-25T01:14:34,657][INFO ][o.e.p.PluginsService     ] [wHW0VaA] loaded module [lang-painless]
[2022-07-25T01:14:34,657][INFO ][o.e.p.PluginsService     ] [wHW0VaA] loaded module [mapper-extras]
[2022-07-25T01:14:34,657][INFO ][o.e.p.PluginsService     ] [wHW0VaA] loaded module [parent-join]
[2022-07-25T01:14:34,657][INFO ][o.e.p.PluginsService     ] [wHW0VaA] loaded module [percolator]
[2022-07-25T01:14:34,657][INFO ][o.e.p.PluginsService     ] [wHW0VaA] loaded module [rank-eval]
[2022-07-25T01:14:34,658][INFO ][o.e.p.PluginsService     ] [wHW0VaA] loaded module [reindex]
[2022-07-25T01:14:34,658][INFO ][o.e.p.PluginsService     ] [wHW0VaA] loaded module [repository-url]
[2022-07-25T01:14:34,658][INFO ][o.e.p.PluginsService     ] [wHW0VaA] loaded module [transport-netty4]
[2022-07-25T01:14:34,658][INFO ][o.e.p.PluginsService     ] [wHW0VaA] loaded module [tribe]
[2022-07-25T01:14:34,658][INFO ][o.e.p.PluginsService     ] [wHW0VaA] loaded module [x-pack-ccr]
[2022-07-25T01:14:34,659][INFO ][o.e.p.PluginsService     ] [wHW0VaA] loaded module [x-pack-core]
[2022-07-25T01:14:34,659][INFO ][o.e.p.PluginsService     ] [wHW0VaA] loaded module [x-pack-deprecation]
[2022-07-25T01:14:34,659][INFO ][o.e.p.PluginsService     ] [wHW0VaA] loaded module [x-pack-graph]
[2022-07-25T01:14:34,659][INFO ][o.e.p.PluginsService     ] [wHW0VaA] loaded module [x-pack-ilm]
[2022-07-25T01:14:34,659][INFO ][o.e.p.PluginsService     ] [wHW0VaA] loaded module [x-pack-logstash]
[2022-07-25T01:14:34,659][INFO ][o.e.p.PluginsService     ] [wHW0VaA] loaded module [x-pack-ml]
[2022-07-25T01:14:34,660][INFO ][o.e.p.PluginsService     ] [wHW0VaA] loaded module [x-pack-monitoring]
[2022-07-25T01:14:34,660][INFO ][o.e.p.PluginsService     ] [wHW0VaA] loaded module [x-pack-rollup]
[2022-07-25T01:14:34,660][INFO ][o.e.p.PluginsService     ] [wHW0VaA] loaded module [x-pack-security]
[2022-07-25T01:14:34,660][INFO ][o.e.p.PluginsService     ] [wHW0VaA] loaded module [x-pack-sql]
[2022-07-25T01:14:34,660][INFO ][o.e.p.PluginsService     ] [wHW0VaA] loaded module [x-pack-upgrade]
[2022-07-25T01:14:34,661][INFO ][o.e.p.PluginsService     ] [wHW0VaA] loaded module [x-pack-watcher]
[2022-07-25T01:14:34,661][INFO ][o.e.p.PluginsService     ] [wHW0VaA] no plugins loaded
[2022-07-25T01:14:38,082][INFO ][o.e.x.s.a.s.FileRolesStore] [wHW0VaA] parsed [0] roles from file [E:\LocalServer\.apache24\elasticsearch-6.8.23\config\roles.yml]
[2022-07-25T01:14:38,754][INFO ][o.e.x.m.p.l.CppLogMessageHandler] [wHW0VaA] [controller/22832] [Main.cc@114] controller (64 bit): Version 6.8.23 (Build 31256deab94add) Copyright (c) 2022 Elasticsearch BV
[2022-07-25T01:14:39,123][DEBUG][o.e.a.ActionModule       ] [wHW0VaA] Using REST wrapper from plugin org.elasticsearch.xpack.security.Security
[2022-07-25T01:14:39,295][INFO ][o.e.d.DiscoveryModule    ] [wHW0VaA] using discovery type [zen] and host providers [settings]
[2022-07-25T01:14:39,920][INFO ][o.e.n.Node               ] [wHW0VaA] initialized
[2022-07-25T01:14:39,920][INFO ][o.e.n.Node               ] [wHW0VaA] starting ...
[2022-07-25T01:14:40,810][INFO ][o.e.t.TransportService   ] [wHW0VaA] publish_address {127.0.0.1:9300}, bound_addresses {127.0.0.1:9300}, {[::1]:9300}
[2022-07-25T01:14:43,936][INFO ][o.e.c.s.MasterService    ] [wHW0VaA] zen-disco-elected-as-master ([0] nodes joined), reason: new_master {wHW0VaA}{wHW0VaArQ12dp288814NMA}{MjEE-RBXT22chtSFM_eqOw}{127.0.0.1}{127.0.0.1:9300}{ml.machine_memory=17030017024, xpack.installed=true, ml.max_open_jobs=20, ml.enabled=true}
[2022-07-25T01:14:43,936][INFO ][o.e.c.s.ClusterApplierService] [wHW0VaA] new_master {wHW0VaA}{wHW0VaArQ12dp288814NMA}{MjEE-RBXT22chtSFM_eqOw}{127.0.0.1}{127.0.0.1:9300}{ml.machine_memory=17030017024, xpack.installed=true, ml.max_open_jobs=20, ml.enabled=true}, reason: apply cluster state (from master [master {wHW0VaA}{wHW0VaArQ12dp288814NMA}{MjEE-RBXT22chtSFM_eqOw}{127.0.0.1}{127.0.0.1:9300}{ml.machine_memory=17030017024, xpack.installed=true, ml.max_open_jobs=20, ml.enabled=true} committed version [1] source [zen-disco-elected-as-master ([0] nodes joined)]])
[2022-07-25T01:14:43,999][WARN ][o.e.x.s.a.s.m.NativeRoleMappingStore] [wHW0VaA] Failed to clear cache for realms [[]]
[2022-07-25T01:14:44,047][INFO ][o.e.g.GatewayService     ] [wHW0VaA] recovered [0] indices into cluster_state
[2022-07-25T01:14:44,171][INFO ][o.e.c.m.MetaDataIndexTemplateService] [wHW0VaA] adding template [.triggered_watches] for index patterns [.triggered_watches*]
[2022-07-25T01:14:44,234][INFO ][o.e.c.m.MetaDataIndexTemplateService] [wHW0VaA] adding template [.watch-history-9] for index patterns [.watcher-history-9*]
[2022-07-25T01:14:44,250][INFO ][o.e.c.m.MetaDataIndexTemplateService] [wHW0VaA] adding template [.watches] for index patterns [.watches*]
[2022-07-25T01:14:44,266][INFO ][o.e.c.m.MetaDataIndexTemplateService] [wHW0VaA] adding template [.monitoring-logstash] for index patterns [.monitoring-logstash-6-*]
[2022-07-25T01:14:44,297][INFO ][o.e.c.m.MetaDataIndexTemplateService] [wHW0VaA] adding template [.monitoring-es] for index patterns [.monitoring-es-6-*]
[2022-07-25T01:14:44,313][INFO ][o.e.c.m.MetaDataIndexTemplateService] [wHW0VaA] adding template [.monitoring-beats] for index patterns [.monitoring-beats-6-*]
[2022-07-25T01:14:44,328][INFO ][o.e.c.m.MetaDataIndexTemplateService] [wHW0VaA] adding template [.monitoring-alerts] for index patterns [.monitoring-alerts-6]
[2022-07-25T01:14:44,344][INFO ][o.e.c.m.MetaDataIndexTemplateService] [wHW0VaA] adding template [.monitoring-kibana] for index patterns [.monitoring-kibana-6-*]
[2022-07-25T01:14:44,422][INFO ][o.e.l.LicenseService     ] [wHW0VaA] license [6ae11265-671b-4503-85b3-a8d4fbefd64d] mode [basic] - valid
[2022-07-25T01:14:44,453][INFO ][o.e.h.n.Netty4HttpServerTransport] [wHW0VaA] publish_address {127.0.0.1:9200}, bound_addresses {127.0.0.1:9200}, {[::1]:9200}
[2022-07-25T01:14:44,453][INFO ][o.e.n.Node               ] [wHW0VaA] started
[2022-07-25T01:28:54,266][INFO ][o.e.b.Bootstrap          ] [wHW0VaA] running graceful exit on windows
[2022-07-25T01:28:54,267][INFO ][o.e.n.Node               ] [wHW0VaA] stopping ...
[2022-07-25T01:28:54,285][INFO ][o.e.x.w.WatcherService   ] [wHW0VaA] stopping watch service, reason [shutdown initiated]
[2022-07-25T01:28:54,754][INFO ][o.e.x.m.p.l.CppLogMessageHandler] [wHW0VaA] [controller/22832] [Main.cc@154] ML controller exiting
[2022-07-25T01:28:54,754][INFO ][o.e.x.m.p.NativeController] [wHW0VaA] Native controller process has stopped - no new native processes can be started
[2022-07-25T01:28:54,754][INFO ][o.e.n.Node               ] [wHW0VaA] stopped
[2022-07-25T01:28:54,754][INFO ][o.e.n.Node               ] [wHW0VaA] closing ...
[2022-07-25T01:28:54,769][INFO ][o.e.n.Node               ] [wHW0VaA] closed
[2022-07-25T01:29:10,287][INFO ][o.e.e.NodeEnvironment    ] [wHW0VaA] using [1] data paths, mounts [[3.Unity (E:)]], net usable_space [166.8gb], net total_space [193.2gb], types [NTFS]
[2022-07-25T01:29:10,291][INFO ][o.e.e.NodeEnvironment    ] [wHW0VaA] heap size [989.8mb], compressed ordinary object pointers [true]
[2022-07-25T01:29:10,293][INFO ][o.e.n.Node               ] [wHW0VaA] node name derived from node ID [wHW0VaArQ12dp288814NMA]; set [node.name] to override
[2022-07-25T01:29:10,294][INFO ][o.e.n.Node               ] [wHW0VaA] version[6.8.23], pid[22120], build[default/zip/4f67856/2022-01-06T21:30:50.087716Z], OS[Windows 10/10.0/amd64], JVM[Oracle Corporation/OpenJDK 64-Bit Server VM/1.8.0-adoptopenjdk/25.71-b00]
[2022-07-25T01:29:10,294][INFO ][o.e.n.Node               ] [wHW0VaA] JVM arguments [-Xms1g, -Xmx1g, -XX:+UseConcMarkSweepGC, -XX:CMSInitiatingOccupancyFraction=75, -XX:+UseCMSInitiatingOccupancyOnly, -Des.networkaddress.cache.ttl=60, -Des.networkaddress.cache.negative.ttl=10, -XX:+AlwaysPreTouch, -Xss1m, -Djava.awt.headless=true, -Dfile.encoding=UTF-8, -Djna.nosys=true, -XX:-OmitStackTraceInFastThrow, -Dio.netty.noUnsafe=true, -Dio.netty.noKeySetOptimization=true, -Dio.netty.recycler.maxCapacityPerThread=0, -Dlog4j.shutdownHookEnabled=false, -Dlog4j2.disable.jmx=true, -Dlog4j2.formatMsgNoLookups=true, -Djava.io.tmpdir=C:\Users\admin\AppData\Local\Temp\elasticsearch, -XX:+HeapDumpOnOutOfMemoryError, -XX:HeapDumpPath=data, -XX:ErrorFile=logs/hs_err_pid%p.log, -XX:+PrintGCDetails, -XX:+PrintGCDateStamps, -XX:+PrintTenuringDistribution, -XX:+PrintGCApplicationStoppedTime, -Xloggc:logs/gc.log, -XX:+UseGCLogFileRotation, -XX:NumberOfGCLogFiles=32, -XX:GCLogFileSize=64m, -Delasticsearch, -Des.path.home=E:\LocalServer\.apache24\elasticsearch-6.8.23, -Des.path.conf=E:\LocalServer\.apache24\elasticsearch-6.8.23\config, -Des.distribution.flavor=default, -Des.distribution.type=zip]
[2022-07-25T01:29:12,485][INFO ][o.e.p.PluginsService     ] [wHW0VaA] loaded module [aggs-matrix-stats]
[2022-07-25T01:29:12,485][INFO ][o.e.p.PluginsService     ] [wHW0VaA] loaded module [analysis-common]
[2022-07-25T01:29:12,485][INFO ][o.e.p.PluginsService     ] [wHW0VaA] loaded module [ingest-common]
[2022-07-25T01:29:12,486][INFO ][o.e.p.PluginsService     ] [wHW0VaA] loaded module [ingest-geoip]
[2022-07-25T01:29:12,486][INFO ][o.e.p.PluginsService     ] [wHW0VaA] loaded module [ingest-user-agent]
[2022-07-25T01:29:12,486][INFO ][o.e.p.PluginsService     ] [wHW0VaA] loaded module [lang-expression]
[2022-07-25T01:29:12,486][INFO ][o.e.p.PluginsService     ] [wHW0VaA] loaded module [lang-mustache]
[2022-07-25T01:29:12,486][INFO ][o.e.p.PluginsService     ] [wHW0VaA] loaded module [lang-painless]
[2022-07-25T01:29:12,487][INFO ][o.e.p.PluginsService     ] [wHW0VaA] loaded module [mapper-extras]
[2022-07-25T01:29:12,488][INFO ][o.e.p.PluginsService     ] [wHW0VaA] loaded module [parent-join]
[2022-07-25T01:29:12,489][INFO ][o.e.p.PluginsService     ] [wHW0VaA] loaded module [percolator]
[2022-07-25T01:29:12,489][INFO ][o.e.p.PluginsService     ] [wHW0VaA] loaded module [rank-eval]
[2022-07-25T01:29:12,490][INFO ][o.e.p.PluginsService     ] [wHW0VaA] loaded module [reindex]
[2022-07-25T01:29:12,490][INFO ][o.e.p.PluginsService     ] [wHW0VaA] loaded module [repository-url]
[2022-07-25T01:29:12,490][INFO ][o.e.p.PluginsService     ] [wHW0VaA] loaded module [transport-netty4]
[2022-07-25T01:29:12,491][INFO ][o.e.p.PluginsService     ] [wHW0VaA] loaded module [tribe]
[2022-07-25T01:29:12,491][INFO ][o.e.p.PluginsService     ] [wHW0VaA] loaded module [x-pack-ccr]
[2022-07-25T01:29:12,492][INFO ][o.e.p.PluginsService     ] [wHW0VaA] loaded module [x-pack-core]
[2022-07-25T01:29:12,492][INFO ][o.e.p.PluginsService     ] [wHW0VaA] loaded module [x-pack-deprecation]
[2022-07-25T01:29:12,493][INFO ][o.e.p.PluginsService     ] [wHW0VaA] loaded module [x-pack-graph]
[2022-07-25T01:29:12,493][INFO ][o.e.p.PluginsService     ] [wHW0VaA] loaded module [x-pack-ilm]
[2022-07-25T01:29:12,494][INFO ][o.e.p.PluginsService     ] [wHW0VaA] loaded module [x-pack-logstash]
[2022-07-25T01:29:12,494][INFO ][o.e.p.PluginsService     ] [wHW0VaA] loaded module [x-pack-ml]
[2022-07-25T01:29:12,495][INFO ][o.e.p.PluginsService     ] [wHW0VaA] loaded module [x-pack-monitoring]
[2022-07-25T01:29:12,496][INFO ][o.e.p.PluginsService     ] [wHW0VaA] loaded module [x-pack-rollup]
[2022-07-25T01:29:12,496][INFO ][o.e.p.PluginsService     ] [wHW0VaA] loaded module [x-pack-security]
[2022-07-25T01:29:12,497][INFO ][o.e.p.PluginsService     ] [wHW0VaA] loaded module [x-pack-sql]
[2022-07-25T01:29:12,497][INFO ][o.e.p.PluginsService     ] [wHW0VaA] loaded module [x-pack-upgrade]
[2022-07-25T01:29:12,498][INFO ][o.e.p.PluginsService     ] [wHW0VaA] loaded module [x-pack-watcher]
[2022-07-25T01:29:12,498][INFO ][o.e.p.PluginsService     ] [wHW0VaA] no plugins loaded
[2022-07-25T01:29:15,930][INFO ][o.e.x.s.a.s.FileRolesStore] [wHW0VaA] parsed [0] roles from file [E:\LocalServer\.apache24\elasticsearch-6.8.23\config\roles.yml]
[2022-07-25T01:29:16,531][INFO ][o.e.x.m.p.l.CppLogMessageHandler] [wHW0VaA] [controller/8572] [Main.cc@114] controller (64 bit): Version 6.8.23 (Build 31256deab94add) Copyright (c) 2022 Elasticsearch BV
[2022-07-25T01:29:16,858][DEBUG][o.e.a.ActionModule       ] [wHW0VaA] Using REST wrapper from plugin org.elasticsearch.xpack.security.Security
[2022-07-25T01:29:17,050][INFO ][o.e.d.DiscoveryModule    ] [wHW0VaA] using discovery type [zen] and host providers [settings]
[2022-07-25T01:29:17,562][INFO ][o.e.n.Node               ] [wHW0VaA] initialized
[2022-07-25T01:29:17,562][INFO ][o.e.n.Node               ] [wHW0VaA] starting ...
[2022-07-25T01:29:18,331][INFO ][o.e.t.TransportService   ] [wHW0VaA] publish_address {172.20.128.1:9300}, bound_addresses {[::]:9300}
[2022-07-25T01:29:18,347][INFO ][o.e.b.BootstrapChecks    ] [wHW0VaA] bound or publishing to a non-loopback address, enforcing bootstrap checks
[2022-07-25T01:29:21,460][INFO ][o.e.c.s.MasterService    ] [wHW0VaA] zen-disco-elected-as-master ([0] nodes joined), reason: new_master {wHW0VaA}{wHW0VaArQ12dp288814NMA}{a6iuZbbWSJKTkHd1Tp_w7A}{172.20.128.1}{172.20.128.1:9300}{ml.machine_memory=17030017024, xpack.installed=true, ml.max_open_jobs=20, ml.enabled=true}
[2022-07-25T01:29:21,460][INFO ][o.e.c.s.ClusterApplierService] [wHW0VaA] new_master {wHW0VaA}{wHW0VaArQ12dp288814NMA}{a6iuZbbWSJKTkHd1Tp_w7A}{172.20.128.1}{172.20.128.1:9300}{ml.machine_memory=17030017024, xpack.installed=true, ml.max_open_jobs=20, ml.enabled=true}, reason: apply cluster state (from master [master {wHW0VaA}{wHW0VaArQ12dp288814NMA}{a6iuZbbWSJKTkHd1Tp_w7A}{172.20.128.1}{172.20.128.1:9300}{ml.machine_memory=17030017024, xpack.installed=true, ml.max_open_jobs=20, ml.enabled=true} committed version [1] source [zen-disco-elected-as-master ([0] nodes joined)]])
[2022-07-25T01:29:21,647][WARN ][o.e.x.s.a.s.m.NativeRoleMappingStore] [wHW0VaA] Failed to clear cache for realms [[]]
[2022-07-25T01:29:21,694][INFO ][o.e.l.LicenseService     ] [wHW0VaA] license [6ae11265-671b-4503-85b3-a8d4fbefd64d] mode [basic] - valid
[2022-07-25T01:29:21,694][INFO ][o.e.g.GatewayService     ] [wHW0VaA] recovered [0] indices into cluster_state
[2022-07-25T01:29:21,803][INFO ][o.e.h.n.Netty4HttpServerTransport] [wHW0VaA] publish_address {172.20.128.1:9200}, bound_addresses {[::]:9200}
[2022-07-25T01:29:21,803][INFO ][o.e.n.Node               ] [wHW0VaA] started
[2022-07-25T01:30:33,465][INFO ][o.e.c.m.MetaDataCreateIndexService] [wHW0VaA] [mw_cirrus_metastore_first] creating index, cause [api], templates [], shards [1]/[1], mappings [mw_cirrus_metastore]
[2022-07-25T01:30:33,480][INFO ][o.e.c.r.a.AllocationService] [wHW0VaA] updating number_of_replicas to [0] for indices [mw_cirrus_metastore_first]
[2022-07-25T01:30:33,683][INFO ][o.e.c.r.a.AllocationService] [wHW0VaA] Cluster health status changed from [YELLOW] to [GREEN] (reason: [shards started [[mw_cirrus_metastore_first][0]] ...]).
[2022-07-25T01:30:35,379][INFO ][o.e.c.m.MetaDataCreateIndexService] [wHW0VaA] [wiki_content_first] creating index, cause [api], templates [], shards [4]/[1], mappings []
[2022-07-25T01:30:35,395][INFO ][o.e.c.r.a.AllocationService] [wHW0VaA] updating number_of_replicas to [0] for indices [wiki_content_first]
[2022-07-25T01:30:35,536][INFO ][o.e.c.r.a.AllocationService] [wHW0VaA] Cluster health status changed from [YELLOW] to [GREEN] (reason: [shards started [[wiki_content_first][1], [wiki_content_first][3], [wiki_content_first][0]] ...]).
[2022-07-25T01:30:35,661][INFO ][o.e.c.m.MetaDataMappingService] [wHW0VaA] [wiki_content_first/4KtDiV44RoSaGJ7g0Q7siQ] create_mapping [page]
[2022-07-25T01:30:35,801][INFO ][o.e.c.m.MetaDataCreateIndexService] [wHW0VaA] [wiki_general_first] creating index, cause [api], templates [], shards [4]/[1], mappings []
[2022-07-25T01:30:35,801][INFO ][o.e.c.r.a.AllocationService] [wHW0VaA] updating number_of_replicas to [0] for indices [wiki_general_first]
[2022-07-25T01:30:35,911][INFO ][o.e.c.r.a.AllocationService] [wHW0VaA] Cluster health status changed from [YELLOW] to [GREEN] (reason: [shards started [[wiki_general_first][3], [wiki_general_first][0]] ...]).
[2022-07-25T01:30:35,942][INFO ][o.e.c.m.MetaDataMappingService] [wHW0VaA] [wiki_general_first/rzYygNdgSwWZPIU-vOhviQ] create_mapping [page]
[2022-07-25T01:30:36,046][INFO ][o.e.c.m.MetaDataCreateIndexService] [wHW0VaA] [wiki_archive_first] creating index, cause [api], templates [], shards [4]/[1], mappings []
[2022-07-25T01:30:36,047][INFO ][o.e.c.r.a.AllocationService] [wHW0VaA] updating number_of_replicas to [0] for indices [wiki_archive_first]
[2022-07-25T01:30:36,163][INFO ][o.e.c.r.a.AllocationService] [wHW0VaA] Cluster health status changed from [YELLOW] to [GREEN] (reason: [shards started [[wiki_archive_first][1], [wiki_archive_first][3], [wiki_archive_first][0]] ...]).
[2022-07-25T01:30:36,190][INFO ][o.e.c.m.MetaDataMappingService] [wHW0VaA] [wiki_archive_first/dtqYG_fCQqeKo5qFPjs1ow] create_mapping [archive]
[2022-07-25T04:12:09,085][INFO ][o.e.b.Bootstrap          ] [wHW0VaA] running graceful exit on windows
[2022-07-25T04:12:09,087][INFO ][o.e.n.Node               ] [wHW0VaA] stopping ...
[2022-07-25T04:12:09,100][INFO ][o.e.x.w.WatcherService   ] [wHW0VaA] stopping watch service, reason [shutdown initiated]
[2022-07-25T04:12:09,454][INFO ][o.e.x.m.p.l.CppLogMessageHandler] [wHW0VaA] [controller/8572] [Main.cc@154] ML controller exiting
[2022-07-25T04:12:09,470][INFO ][o.e.x.m.p.NativeController] [wHW0VaA] Native controller process has stopped - no new native processes can be started
[2022-07-25T04:12:09,517][INFO ][o.e.n.Node               ] [wHW0VaA] stopped
[2022-07-25T04:12:09,517][INFO ][o.e.n.Node               ] [wHW0VaA] closing ...
[2022-07-25T04:12:09,532][INFO ][o.e.n.Node               ] [wHW0VaA] closed
[2022-07-25T04:12:25,047][INFO ][o.e.e.NodeEnvironment    ] [wHW0VaA] using [1] data paths, mounts [[3.Unity (E:)]], net usable_space [165.6gb], net total_space [193.2gb], types [NTFS]
[2022-07-25T04:12:25,047][INFO ][o.e.e.NodeEnvironment    ] [wHW0VaA] heap size [989.8mb], compressed ordinary object pointers [true]
[2022-07-25T04:12:25,109][INFO ][o.e.n.Node               ] [wHW0VaA] node name derived from node ID [wHW0VaArQ12dp288814NMA]; set [node.name] to override
[2022-07-25T04:12:25,109][INFO ][o.e.n.Node               ] [wHW0VaA] version[6.8.23], pid[10968], build[default/zip/4f67856/2022-01-06T21:30:50.087716Z], OS[Windows 10/10.0/amd64], JVM[Oracle Corporation/OpenJDK 64-Bit Server VM/1.8.0-adoptopenjdk/25.71-b00]
[2022-07-25T04:12:25,109][INFO ][o.e.n.Node               ] [wHW0VaA] JVM arguments [-Xms1g, -Xmx1g, -XX:+UseConcMarkSweepGC, -XX:CMSInitiatingOccupancyFraction=75, -XX:+UseCMSInitiatingOccupancyOnly, -Des.networkaddress.cache.ttl=60, -Des.networkaddress.cache.negative.ttl=10, -XX:+AlwaysPreTouch, -Xss1m, -Djava.awt.headless=true, -Dfile.encoding=UTF-8, -Djna.nosys=true, -XX:-OmitStackTraceInFastThrow, -Dio.netty.noUnsafe=true, -Dio.netty.noKeySetOptimization=true, -Dio.netty.recycler.maxCapacityPerThread=0, -Dlog4j.shutdownHookEnabled=false, -Dlog4j2.disable.jmx=true, -Dlog4j2.formatMsgNoLookups=true, -Djava.io.tmpdir=C:\Users\admin\AppData\Local\Temp\elasticsearch, -XX:+HeapDumpOnOutOfMemoryError, -XX:HeapDumpPath=data, -XX:ErrorFile=logs/hs_err_pid%p.log, -XX:+PrintGCDetails, -XX:+PrintGCDateStamps, -XX:+PrintTenuringDistribution, -XX:+PrintGCApplicationStoppedTime, -Xloggc:logs/gc.log, -XX:+UseGCLogFileRotation, -XX:NumberOfGCLogFiles=32, -XX:GCLogFileSize=64m, -Delasticsearch, -Des.path.home=E:\LocalServer\.apache24\elasticsearch-6.8.23, -Des.path.conf=E:\LocalServer\.apache24\elasticsearch-6.8.23\config, -Des.distribution.flavor=default, -Des.distribution.type=zip]
[2022-07-25T04:12:26,728][INFO ][o.e.p.PluginsService     ] [wHW0VaA] loaded module [aggs-matrix-stats]
[2022-07-25T04:12:26,728][INFO ][o.e.p.PluginsService     ] [wHW0VaA] loaded module [analysis-common]
[2022-07-25T04:12:26,728][INFO ][o.e.p.PluginsService     ] [wHW0VaA] loaded module [ingest-common]
[2022-07-25T04:12:26,728][INFO ][o.e.p.PluginsService     ] [wHW0VaA] loaded module [ingest-geoip]
[2022-07-25T04:12:26,728][INFO ][o.e.p.PluginsService     ] [wHW0VaA] loaded module [ingest-user-agent]
[2022-07-25T04:12:26,728][INFO ][o.e.p.PluginsService     ] [wHW0VaA] loaded module [lang-expression]
[2022-07-25T04:12:26,728][INFO ][o.e.p.PluginsService     ] [wHW0VaA] loaded module [lang-mustache]
[2022-07-25T04:12:26,728][INFO ][o.e.p.PluginsService     ] [wHW0VaA] loaded module [lang-painless]
[2022-07-25T04:12:26,728][INFO ][o.e.p.PluginsService     ] [wHW0VaA] loaded module [mapper-extras]
[2022-07-25T04:12:26,728][INFO ][o.e.p.PluginsService     ] [wHW0VaA] loaded module [parent-join]
[2022-07-25T04:12:26,728][INFO ][o.e.p.PluginsService     ] [wHW0VaA] loaded module [percolator]
[2022-07-25T04:12:26,728][INFO ][o.e.p.PluginsService     ] [wHW0VaA] loaded module [rank-eval]
[2022-07-25T04:12:26,728][INFO ][o.e.p.PluginsService     ] [wHW0VaA] loaded module [reindex]
[2022-07-25T04:12:26,728][INFO ][o.e.p.PluginsService     ] [wHW0VaA] loaded module [repository-url]
[2022-07-25T04:12:26,728][INFO ][o.e.p.PluginsService     ] [wHW0VaA] loaded module [transport-netty4]
[2022-07-25T04:12:26,728][INFO ][o.e.p.PluginsService     ] [wHW0VaA] loaded module [tribe]
[2022-07-25T04:12:26,728][INFO ][o.e.p.PluginsService     ] [wHW0VaA] loaded module [x-pack-ccr]
[2022-07-25T04:12:26,728][INFO ][o.e.p.PluginsService     ] [wHW0VaA] loaded module [x-pack-core]
[2022-07-25T04:12:26,728][INFO ][o.e.p.PluginsService     ] [wHW0VaA] loaded module [x-pack-deprecation]
[2022-07-25T04:12:26,728][INFO ][o.e.p.PluginsService     ] [wHW0VaA] loaded module [x-pack-graph]
[2022-07-25T04:12:26,728][INFO ][o.e.p.PluginsService     ] [wHW0VaA] loaded module [x-pack-ilm]
[2022-07-25T04:12:26,728][INFO ][o.e.p.PluginsService     ] [wHW0VaA] loaded module [x-pack-logstash]
[2022-07-25T04:12:26,728][INFO ][o.e.p.PluginsService     ] [wHW0VaA] loaded module [x-pack-ml]
[2022-07-25T04:12:26,728][INFO ][o.e.p.PluginsService     ] [wHW0VaA] loaded module [x-pack-monitoring]
[2022-07-25T04:12:26,728][INFO ][o.e.p.PluginsService     ] [wHW0VaA] loaded module [x-pack-rollup]
[2022-07-25T04:12:26,728][INFO ][o.e.p.PluginsService     ] [wHW0VaA] loaded module [x-pack-security]
[2022-07-25T04:12:26,728][INFO ][o.e.p.PluginsService     ] [wHW0VaA] loaded module [x-pack-sql]
[2022-07-25T04:12:26,728][INFO ][o.e.p.PluginsService     ] [wHW0VaA] loaded module [x-pack-upgrade]
[2022-07-25T04:12:26,728][INFO ][o.e.p.PluginsService     ] [wHW0VaA] loaded module [x-pack-watcher]
[2022-07-25T04:12:26,728][INFO ][o.e.p.PluginsService     ] [wHW0VaA] no plugins loaded
[2022-07-25T04:12:30,333][INFO ][o.e.x.s.a.s.FileRolesStore] [wHW0VaA] parsed [0] roles from file [E:\LocalServer\.apache24\elasticsearch-6.8.23\config\roles.yml]
[2022-07-25T04:12:31,002][INFO ][o.e.x.m.p.l.CppLogMessageHandler] [wHW0VaA] [controller/12852] [Main.cc@114] controller (64 bit): Version 6.8.23 (Build 31256deab94add) Copyright (c) 2022 Elasticsearch BV
[2022-07-25T04:12:31,362][DEBUG][o.e.a.ActionModule       ] [wHW0VaA] Using REST wrapper from plugin org.elasticsearch.xpack.security.Security
[2022-07-25T04:12:31,596][INFO ][o.e.d.DiscoveryModule    ] [wHW0VaA] using discovery type [zen] and host providers [settings]
[2022-07-25T04:12:32,204][INFO ][o.e.n.Node               ] [wHW0VaA] initialized
[2022-07-25T04:12:32,204][INFO ][o.e.n.Node               ] [wHW0VaA] starting ...
[2022-07-25T04:12:32,994][INFO ][o.e.t.TransportService   ] [wHW0VaA] publish_address {172.20.128.1:9300}, bound_addresses {[::]:9300}
[2022-07-25T04:12:33,010][INFO ][o.e.b.BootstrapChecks    ] [wHW0VaA] bound or publishing to a non-loopback address, enforcing bootstrap checks
[2022-07-25T04:12:36,178][INFO ][o.e.c.s.MasterService    ] [wHW0VaA] zen-disco-elected-as-master ([0] nodes joined), reason: new_master {wHW0VaA}{wHW0VaArQ12dp288814NMA}{a9kO41kQRa-9obv7L4yt2g}{172.20.128.1}{172.20.128.1:9300}{ml.machine_memory=17030017024, xpack.installed=true, ml.max_open_jobs=20, ml.enabled=true}
[2022-07-25T04:12:36,185][INFO ][o.e.c.s.ClusterApplierService] [wHW0VaA] new_master {wHW0VaA}{wHW0VaArQ12dp288814NMA}{a9kO41kQRa-9obv7L4yt2g}{172.20.128.1}{172.20.128.1:9300}{ml.machine_memory=17030017024, xpack.installed=true, ml.max_open_jobs=20, ml.enabled=true}, reason: apply cluster state (from master [master {wHW0VaA}{wHW0VaArQ12dp288814NMA}{a9kO41kQRa-9obv7L4yt2g}{172.20.128.1}{172.20.128.1:9300}{ml.machine_memory=17030017024, xpack.installed=true, ml.max_open_jobs=20, ml.enabled=true} committed version [1] source [zen-disco-elected-as-master ([0] nodes joined)]])
[2022-07-25T04:12:36,558][INFO ][o.e.h.n.Netty4HttpServerTransport] [wHW0VaA] publish_address {172.20.128.1:9200}, bound_addresses {[::]:9200}
[2022-07-25T04:12:36,559][INFO ][o.e.n.Node               ] [wHW0VaA] started
[2022-07-25T04:12:36,639][WARN ][o.e.x.s.a.s.m.NativeRoleMappingStore] [wHW0VaA] Failed to clear cache for realms [[]]
[2022-07-25T04:12:36,679][INFO ][o.e.l.LicenseService     ] [wHW0VaA] license [6ae11265-671b-4503-85b3-a8d4fbefd64d] mode [basic] - valid
[2022-07-25T04:12:36,688][INFO ][o.e.g.GatewayService     ] [wHW0VaA] recovered [4] indices into cluster_state
[2022-07-25T04:12:37,182][INFO ][o.e.c.r.a.AllocationService] [wHW0VaA] Cluster health status changed from [RED] to [GREEN] (reason: [shards started [[mw_cirrus_metastore_first][0]] ...]).
[2022-07-25T04:24:56,156][INFO ][o.e.b.Bootstrap          ] [wHW0VaA] running graceful exit on windows
[2022-07-25T04:24:56,157][INFO ][o.e.n.Node               ] [wHW0VaA] stopping ...
[2022-07-25T04:24:56,170][INFO ][o.e.x.w.WatcherService   ] [wHW0VaA] stopping watch service, reason [shutdown initiated]
[2022-07-25T04:24:56,676][INFO ][o.e.x.m.p.l.CppLogMessageHandler] [wHW0VaA] [controller/12852] [Main.cc@154] ML controller exiting
[2022-07-25T04:24:56,682][INFO ][o.e.x.m.p.NativeController] [wHW0VaA] Native controller process has stopped - no new native processes can be started
[2022-07-25T04:24:57,023][INFO ][o.e.n.Node               ] [wHW0VaA] stopped
[2022-07-25T04:24:57,023][INFO ][o.e.n.Node               ] [wHW0VaA] closing ...
[2022-07-25T04:24:57,039][INFO ][o.e.n.Node               ] [wHW0VaA] closed
[2022-07-25T04:28:44,656][INFO ][o.e.e.NodeEnvironment    ] [wHW0VaA] using [1] data paths, mounts [[3.Unity (E:)]], net usable_space [161.9gb], net total_space [193.2gb], types [NTFS]
[2022-07-25T04:28:44,671][INFO ][o.e.e.NodeEnvironment    ] [wHW0VaA] heap size [989.8mb], compressed ordinary object pointers [true]
[2022-07-25T04:28:44,734][INFO ][o.e.n.Node               ] [wHW0VaA] node name derived from node ID [wHW0VaArQ12dp288814NMA]; set [node.name] to override
[2022-07-25T04:28:44,734][INFO ][o.e.n.Node               ] [wHW0VaA] version[6.8.23], pid[18508], build[default/zip/4f67856/2022-01-06T21:30:50.087716Z], OS[Windows 10/10.0/amd64], JVM[Oracle Corporation/OpenJDK 64-Bit Server VM/1.8.0-adoptopenjdk/25.71-b00]
[2022-07-25T04:28:44,734][INFO ][o.e.n.Node               ] [wHW0VaA] JVM arguments [-Xms1g, -Xmx1g, -XX:+UseConcMarkSweepGC, -XX:CMSInitiatingOccupancyFraction=75, -XX:+UseCMSInitiatingOccupancyOnly, -Des.networkaddress.cache.ttl=60, -Des.networkaddress.cache.negative.ttl=10, -XX:+AlwaysPreTouch, -Xss1m, -Djava.awt.headless=true, -Dfile.encoding=UTF-8, -Djna.nosys=true, -XX:-OmitStackTraceInFastThrow, -Dio.netty.noUnsafe=true, -Dio.netty.noKeySetOptimization=true, -Dio.netty.recycler.maxCapacityPerThread=0, -Dlog4j.shutdownHookEnabled=false, -Dlog4j2.disable.jmx=true, -Dlog4j2.formatMsgNoLookups=true, -Djava.io.tmpdir=C:\Users\admin\AppData\Local\Temp\elasticsearch, -XX:+HeapDumpOnOutOfMemoryError, -XX:HeapDumpPath=data, -XX:ErrorFile=logs/hs_err_pid%p.log, -XX:+PrintGCDetails, -XX:+PrintGCDateStamps, -XX:+PrintTenuringDistribution, -XX:+PrintGCApplicationStoppedTime, -Xloggc:logs/gc.log, -XX:+UseGCLogFileRotation, -XX:NumberOfGCLogFiles=32, -XX:GCLogFileSize=64m, -Delasticsearch, -Des.path.home=E:\Figu\.apache24\elasticsearch-6.8.23, -Des.path.conf=E:\Figu\.apache24\elasticsearch-6.8.23\config, -Des.distribution.flavor=default, -Des.distribution.type=zip]
[2022-07-25T04:28:46,563][INFO ][o.e.p.PluginsService     ] [wHW0VaA] loaded module [aggs-matrix-stats]
[2022-07-25T04:28:46,563][INFO ][o.e.p.PluginsService     ] [wHW0VaA] loaded module [analysis-common]
[2022-07-25T04:28:46,563][INFO ][o.e.p.PluginsService     ] [wHW0VaA] loaded module [ingest-common]
[2022-07-25T04:28:46,563][INFO ][o.e.p.PluginsService     ] [wHW0VaA] loaded module [ingest-geoip]
[2022-07-25T04:28:46,563][INFO ][o.e.p.PluginsService     ] [wHW0VaA] loaded module [ingest-user-agent]
[2022-07-25T04:28:46,563][INFO ][o.e.p.PluginsService     ] [wHW0VaA] loaded module [lang-expression]
[2022-07-25T04:28:46,563][INFO ][o.e.p.PluginsService     ] [wHW0VaA] loaded module [lang-mustache]
[2022-07-25T04:28:46,563][INFO ][o.e.p.PluginsService     ] [wHW0VaA] loaded module [lang-painless]
[2022-07-25T04:28:46,563][INFO ][o.e.p.PluginsService     ] [wHW0VaA] loaded module [mapper-extras]
[2022-07-25T04:28:46,563][INFO ][o.e.p.PluginsService     ] [wHW0VaA] loaded module [parent-join]
[2022-07-25T04:28:46,563][INFO ][o.e.p.PluginsService     ] [wHW0VaA] loaded module [percolator]
[2022-07-25T04:28:46,563][INFO ][o.e.p.PluginsService     ] [wHW0VaA] loaded module [rank-eval]
[2022-07-25T04:28:46,563][INFO ][o.e.p.PluginsService     ] [wHW0VaA] loaded module [reindex]
[2022-07-25T04:28:46,563][INFO ][o.e.p.PluginsService     ] [wHW0VaA] loaded module [repository-url]
[2022-07-25T04:28:46,563][INFO ][o.e.p.PluginsService     ] [wHW0VaA] loaded module [transport-netty4]
[2022-07-25T04:28:46,563][INFO ][o.e.p.PluginsService     ] [wHW0VaA] loaded module [tribe]
[2022-07-25T04:28:46,563][INFO ][o.e.p.PluginsService     ] [wHW0VaA] loaded module [x-pack-ccr]
[2022-07-25T04:28:46,563][INFO ][o.e.p.PluginsService     ] [wHW0VaA] loaded module [x-pack-core]
[2022-07-25T04:28:46,563][INFO ][o.e.p.PluginsService     ] [wHW0VaA] loaded module [x-pack-deprecation]
[2022-07-25T04:28:46,563][INFO ][o.e.p.PluginsService     ] [wHW0VaA] loaded module [x-pack-graph]
[2022-07-25T04:28:46,563][INFO ][o.e.p.PluginsService     ] [wHW0VaA] loaded module [x-pack-ilm]
[2022-07-25T04:28:46,563][INFO ][o.e.p.PluginsService     ] [wHW0VaA] loaded module [x-pack-logstash]
[2022-07-25T04:28:46,563][INFO ][o.e.p.PluginsService     ] [wHW0VaA] loaded module [x-pack-ml]
[2022-07-25T04:28:46,563][INFO ][o.e.p.PluginsService     ] [wHW0VaA] loaded module [x-pack-monitoring]
[2022-07-25T04:28:46,563][INFO ][o.e.p.PluginsService     ] [wHW0VaA] loaded module [x-pack-rollup]
[2022-07-25T04:28:46,563][INFO ][o.e.p.PluginsService     ] [wHW0VaA] loaded module [x-pack-security]
[2022-07-25T04:28:46,579][INFO ][o.e.p.PluginsService     ] [wHW0VaA] loaded module [x-pack-sql]
[2022-07-25T04:28:46,579][INFO ][o.e.p.PluginsService     ] [wHW0VaA] loaded module [x-pack-upgrade]
[2022-07-25T04:28:46,579][INFO ][o.e.p.PluginsService     ] [wHW0VaA] loaded module [x-pack-watcher]
[2022-07-25T04:28:46,579][INFO ][o.e.p.PluginsService     ] [wHW0VaA] no plugins loaded
[2022-07-25T04:28:50,021][INFO ][o.e.x.s.a.s.FileRolesStore] [wHW0VaA] parsed [0] roles from file [E:\Figu\.apache24\elasticsearch-6.8.23\config\roles.yml]
[2022-07-25T04:28:50,727][INFO ][o.e.x.m.p.l.CppLogMessageHandler] [wHW0VaA] [controller/21308] [Main.cc@114] controller (64 bit): Version 6.8.23 (Build 31256deab94add) Copyright (c) 2022 Elasticsearch BV
[2022-07-25T04:28:51,098][DEBUG][o.e.a.ActionModule       ] [wHW0VaA] Using REST wrapper from plugin org.elasticsearch.xpack.security.Security
[2022-07-25T04:28:51,360][INFO ][o.e.d.DiscoveryModule    ] [wHW0VaA] using discovery type [zen] and host providers [settings]
[2022-07-25T04:28:52,114][INFO ][o.e.n.Node               ] [wHW0VaA] initialized
[2022-07-25T04:28:52,114][INFO ][o.e.n.Node               ] [wHW0VaA] starting ...
[2022-07-25T04:28:52,952][INFO ][o.e.t.TransportService   ] [wHW0VaA] publish_address {172.20.128.1:9300}, bound_addresses {[::]:9300}
[2022-07-25T04:28:52,983][INFO ][o.e.b.BootstrapChecks    ] [wHW0VaA] bound or publishing to a non-loopback address, enforcing bootstrap checks
[2022-07-25T04:28:56,093][INFO ][o.e.c.s.MasterService    ] [wHW0VaA] zen-disco-elected-as-master ([0] nodes joined), reason: new_master {wHW0VaA}{wHW0VaArQ12dp288814NMA}{3lkbu111SHW3BdKx5x7-Gw}{172.20.128.1}{172.20.128.1:9300}{ml.machine_memory=17030017024, xpack.installed=true, ml.max_open_jobs=20, ml.enabled=true}
[2022-07-25T04:28:56,093][INFO ][o.e.c.s.ClusterApplierService] [wHW0VaA] new_master {wHW0VaA}{wHW0VaArQ12dp288814NMA}{3lkbu111SHW3BdKx5x7-Gw}{172.20.128.1}{172.20.128.1:9300}{ml.machine_memory=17030017024, xpack.installed=true, ml.max_open_jobs=20, ml.enabled=true}, reason: apply cluster state (from master [master {wHW0VaA}{wHW0VaArQ12dp288814NMA}{3lkbu111SHW3BdKx5x7-Gw}{172.20.128.1}{172.20.128.1:9300}{ml.machine_memory=17030017024, xpack.installed=true, ml.max_open_jobs=20, ml.enabled=true} committed version [1] source [zen-disco-elected-as-master ([0] nodes joined)]])
[2022-07-25T04:28:56,468][INFO ][o.e.h.n.Netty4HttpServerTransport] [wHW0VaA] publish_address {172.20.128.1:9200}, bound_addresses {[::]:9200}
[2022-07-25T04:28:56,468][INFO ][o.e.n.Node               ] [wHW0VaA] started
[2022-07-25T04:28:56,546][WARN ][o.e.x.s.a.s.m.NativeRoleMappingStore] [wHW0VaA] Failed to clear cache for realms [[]]
[2022-07-25T04:28:56,586][INFO ][o.e.l.LicenseService     ] [wHW0VaA] license [6ae11265-671b-4503-85b3-a8d4fbefd64d] mode [basic] - valid
[2022-07-25T04:28:56,586][INFO ][o.e.g.GatewayService     ] [wHW0VaA] recovered [4] indices into cluster_state
[2022-07-25T04:28:57,262][INFO ][o.e.c.r.a.AllocationService] [wHW0VaA] Cluster health status changed from [RED] to [GREEN] (reason: [shards started [[wiki_content_first][0], [wiki_content_first][2], [mw_cirrus_metastore_first][0], [wiki_content_first][1]] ...]).
